Arguments: 
  /Users/jerry/.nvm/versions/node/v10.13.0/bin/node /Users/jerry/.yarn/bin/yarn.js add history

PATH: 
  /usr/local/opt/ncurses/bin:/Users/jerry/.yarn/bin:/Users/jerry/.config/yarn/global/node_modules/.bin:/Users/jerry/go/bin:/usr/local/opt/python/libexec/bin:/Users/jerry/.nvm/versions/node/v10.13.0/bin:/usr/local/bin:/usr/bin:/bin:/usr/sbin:/sbin:/Applications/VMware Fusion.app/Contents/Public:/usr/local/go/bin

Yarn version: 
  1.13.0

Node version: 
  10.13.0

Platform: 
  darwin x64

Trace: 
  Error: ENOENT: no such file or directory, copyfile '/Users/jerry/Library/Caches/Yarn/v4/npm-pify-4.0.1-4b2cd25c50d598735c50292224fd8c6df41e3231/node_modules/pify/package.json' -> '/Users/jerry/Git/hi-dva/node_modules/af-webpack/node_modules/pify/package.json'

npm manifest: 
  {
    "private": true,
    "scripts": {
      "start": "roadhog server",
      "build": "roadhog build",
      "lint": "eslint --ext .js src test",
      "precommit": "npm run lint"
    },
    "dependencies": {
      "dva": "^2.4.1",
      "react": "^16.2.0",
      "react-dom": "^16.2.0"
    },
    "devDependencies": {
      "babel-plugin-dva-hmr": "^0.3.2",
      "eslint": "^4.14.0",
      "eslint-config-umi": "^0.1.1",
      "eslint-plugin-flowtype": "^2.34.1",
      "eslint-plugin-import": "^2.6.0",
      "eslint-plugin-jsx-a11y": "^5.1.1",
      "eslint-plugin-react": "^7.1.0",
      "husky": "^0.12.0",
      "redbox-react": "^1.4.3",
      "roadhog": "^2.5.0-beta.4"
    }
  }

yarn manifest: 
  No manifest

Lockfile: 
  No lockfile
